20251112 16:51:18.698| INFO|dataCenter|instanceId|appName|notSet|notSet|201640|main|world.dahua.hvth.DemoApplication        |MSG=Starting DemoApplication on dahua with PID 201640 (C:\Users\97026\Desktop\hvth\test\target\classes started by 97026 in C:\Users\97026\Desktop\hvth)
20251112 16:51:18.740| INFO|dataCenter|instanceId|appName|notSet|notSet|201640|main|world.dahua.hvth.DemoApplication        |MSG=No active profile set, falling back to default profiles: default
20251112 16:51:20.343| INFO|dataCenter|instanceId|appName|notSet|notSet|201640|main|trationDelegate$BeanPostProcessorChecker|MSG=Bean 'desensitizerStorage' of type [world.dahua.hvth.desensitizer.DesensitizerStorage] is not eligible for getting processed by all BeanPostProcessors (for example: not eligible for auto-proxying)
20251112 16:51:21.330| INFO|dataCenter|instanceId|appName|notSet|notSet|201640|main|o.s.b.w.embedded.tomcat.TomcatWebServer |MSG=Tomcat initialized with port(s): 8080 (http)
20251112 16:51:21.358| INFO|dataCenter|instanceId|appName|notSet|notSet|201640|main|o.a.coyote.http11.Http11NioProtocol     |MSG=Initializing ProtocolHandler ["http-nio-8080"]
20251112 16:51:21.358| INFO|dataCenter|instanceId|appName|notSet|notSet|201640|main|o.apache.catalina.core.StandardService  |MSG=Starting service [Tomcat]
20251112 16:51:21.358| INFO|dataCenter|instanceId|appName|notSet|notSet|201640|main|org.apache.catalina.core.StandardEngine |MSG=Starting Servlet engine: [Apache Tomcat/9.0.46]
20251112 16:51:21.525| INFO|dataCenter|instanceId|appName|notSet|notSet|201640|main|o.a.c.c.C.[Tomcat].[localhost].[/]      |MSG=Initializing Spring embedded WebApplicationContext
20251112 16:51:21.525| INFO|dataCenter|instanceId|appName|notSet|notSet|201640|main|w.s.c.ServletWebServerApplicationContext|MSG=Root WebApplicationContext: initialization completed in 2449 ms
20251112 16:51:22.093| INFO|dataCenter|instanceId|appName|notSet|notSet|201640|main|o.s.s.concurrent.ThreadPoolTaskExecutor |MSG=Initializing ExecutorService 'applicationTaskExecutor'
20251112 16:51:22.668| INFO|dataCenter|instanceId|appName|notSet|notSet|201640|main|o.a.coyote.http11.Http11NioProtocol     |MSG=Starting ProtocolHandler ["http-nio-8080"]
20251112 16:51:23.107| INFO|dataCenter|instanceId|appName|notSet|notSet|201640|main|o.s.b.w.embedded.tomcat.TomcatWebServer |MSG=Tomcat started on port(s): 8080 (http) with context path ''
20251112 16:51:23.115| INFO|dataCenter|instanceId|appName|notSet|notSet|201640|main|world.dahua.hvth.DemoApplication        |MSG=Started DemoApplication in 7.134 seconds (JVM running for 12.162)
20251112 16:51:25.276| INFO|dataCenter|instanceId|appName|notSet|notSet|201640|http-nio-8080-exec-1|o.a.c.c.C.[Tomcat].[localhost].[/]      |MSG=Initializing Spring DispatcherServlet 'dispatcherServlet'
20251112 16:51:25.276| INFO|dataCenter|instanceId|appName|notSet|notSet|201640|http-nio-8080-exec-1|o.s.web.servlet.DispatcherServlet       |MSG=Initializing Servlet 'dispatcherServlet'
20251112 16:51:25.281| INFO|dataCenter|instanceId|appName|notSet|notSet|201640|http-nio-8080-exec-1|o.s.web.servlet.DispatcherServlet       |MSG=Completed initialization in 5 ms
20251112 16:51:25.420| INFO|dataCenter|instanceId|appName|notSet|notSet|201640|http-nio-8080-exec-1|w.dahua.hvth.controller.DemoController  |MSG=正则测试:"189****7777汉东省滨海*****"
20251112 16:51:25.461| INFO|dataCenter|instanceId|appName|notSet|notSet|201640|http-nio-8080-exec-1|w.dahua.hvth.controller.DemoController  |MSG=请求为:{"name":"18988887777汉东省滨海市南中大道"}
20251112 16:51:25.485| INFO|dataCenter|instanceId|appName|notSet|notSet|201640|http-nio-8080-exec-1|w.dahua.hvth.controller.DemoController  |MSG=响应为:{"address":"汉东省*****************","email":"****567@qq.com","enterpriseAcctNameByVoid":"这是****姓名","descByUnEnc":"这是描述信*","phoneByMd5":"189****7777","secretKeyBySM3":"664**2222","addressByRevBase64":"汉东省滨海*****888号1栋777号","orderDesc":"订单描述信*"}
20251112 16:51:36.811| INFO|dataCenter|instanceId|appName|notSet|notSet|201640|SpringContextShutdownHook|o.s.s.concurrent.ThreadPoolTaskExecutor |MSG=Shutting down ExecutorService 'applicationTaskExecutor'
20251112 16:51:49.285| INFO|dataCenter|instanceId|appName|notSet|notSet|197744|main|world.dahua.hvth.DemoApplication        |MSG=Starting DemoApplication on dahua with PID 197744 (C:\Users\97026\Desktop\hvth\test\target\classes started by 97026 in C:\Users\97026\Desktop\hvth)
20251112 16:51:49.314| INFO|dataCenter|instanceId|appName|notSet|notSet|197744|main|world.dahua.hvth.DemoApplication        |MSG=No active profile set, falling back to default profiles: default
20251112 16:51:50.977| INFO|dataCenter|instanceId|appName|notSet|notSet|197744|main|trationDelegate$BeanPostProcessorChecker|MSG=Bean 'desensitizerStorage' of type [world.dahua.hvth.desensitizer.DesensitizerStorage] is not eligible for getting processed by all BeanPostProcessors (for example: not eligible for auto-proxying)
20251112 16:51:51.887| INFO|dataCenter|instanceId|appName|notSet|notSet|197744|main|o.s.b.w.embedded.tomcat.TomcatWebServer |MSG=Tomcat initialized with port(s): 8080 (http)
20251112 16:51:51.910| INFO|dataCenter|instanceId|appName|notSet|notSet|197744|main|o.a.coyote.http11.Http11NioProtocol     |MSG=Initializing ProtocolHandler ["http-nio-8080"]
20251112 16:51:51.911| INFO|dataCenter|instanceId|appName|notSet|notSet|197744|main|o.apache.catalina.core.StandardService  |MSG=Starting service [Tomcat]
20251112 16:51:51.911| INFO|dataCenter|instanceId|appName|notSet|notSet|197744|main|org.apache.catalina.core.StandardEngine |MSG=Starting Servlet engine: [Apache Tomcat/9.0.46]
20251112 16:51:52.052| INFO|dataCenter|instanceId|appName|notSet|notSet|197744|main|o.a.c.c.C.[Tomcat].[localhost].[/]      |MSG=Initializing Spring embedded WebApplicationContext
20251112 16:51:52.052| INFO|dataCenter|instanceId|appName|notSet|notSet|197744|main|w.s.c.ServletWebServerApplicationContext|MSG=Root WebApplicationContext: initialization completed in 2400 ms
20251112 16:51:52.672| INFO|dataCenter|instanceId|appName|notSet|notSet|197744|main|o.s.s.concurrent.ThreadPoolTaskExecutor |MSG=Initializing ExecutorService 'applicationTaskExecutor'
20251112 16:51:53.281| INFO|dataCenter|instanceId|appName|notSet|notSet|197744|main|o.a.coyote.http11.Http11NioProtocol     |MSG=Starting ProtocolHandler ["http-nio-8080"]
20251112 16:51:53.575| INFO|dataCenter|instanceId|appName|notSet|notSet|197744|main|o.s.b.w.embedded.tomcat.TomcatWebServer |MSG=Tomcat started on port(s): 8080 (http) with context path ''
20251112 16:51:53.585| INFO|dataCenter|instanceId|appName|notSet|notSet|197744|main|world.dahua.hvth.DemoApplication        |MSG=Started DemoApplication in 7.334 seconds (JVM running for 11.982)
20251112 16:51:56.757| INFO|dataCenter|instanceId|appName|notSet|notSet|197744|http-nio-8080-exec-1|o.a.c.c.C.[Tomcat].[localhost].[/]      |MSG=Initializing Spring DispatcherServlet 'dispatcherServlet'
20251112 16:51:56.758| INFO|dataCenter|instanceId|appName|notSet|notSet|197744|http-nio-8080-exec-1|o.s.web.servlet.DispatcherServlet       |MSG=Initializing Servlet 'dispatcherServlet'
20251112 16:51:56.765| INFO|dataCenter|instanceId|appName|notSet|notSet|197744|http-nio-8080-exec-1|o.s.web.servlet.DispatcherServlet       |MSG=Completed initialization in 7 ms
20251112 16:51:57.026| INFO|dataCenter|instanceId|appName|notSet|notSet|197744|http-nio-8080-exec-1|w.dahua.hvth.controller.DemoController  |MSG=正则测试:"189****7777汉东省滨海*****"
20251112 16:51:57.071| INFO|dataCenter|instanceId|appName|notSet|notSet|197744|http-nio-8080-exec-1|w.dahua.hvth.controller.DemoController  |MSG=请求为:{"name":"18988887777汉东省滨海市南中大道"}
20251112 16:51:57.106| INFO|dataCenter|instanceId|appName|notSet|notSet|197744|http-nio-8080-exec-1|w.dahua.hvth.controller.DemoController  |MSG=响应为:{"address":"汉东省*****************","email":"****567@qq.com","enterpriseAcctNameByVoid":"这是****姓名","descByUnEnc":"这是描述信*","phoneByMd5":"189****7777","secretKeyBySM3":"664**2222","addressByRevBase64":"汉东省滨海*****888号1栋777号","orderDesc":"订单描述信*"}
20251112 16:52:01.728| INFO|dataCenter|instanceId|appName|notSet|notSet|197744|SpringContextShutdownHook|o.s.s.concurrent.ThreadPoolTaskExecutor |MSG=Shutting down ExecutorService 'applicationTaskExecutor'
